Coverage for Bonds
Fitting b10 with count 2322
Fitting b8 with count 2741
Fitting b84 with count 5399
Fitting b6 with count 1882
Fitting b9 with count 1910
Fitting b52 with count 687
Fitting b85 with count 4810
Fitting b4 with count 2602
Fitting b21 with count 3293
Fitting b3 with count 2324
Fitting b5 with count 4159
Fitting b59 with count 864
Fitting b56 with count 848
Fitting b38 with count 159
Fitting b12 with count 890
Fitting b36 with count 183
Fitting b11 with count 1072
Fitting b13 with count 1782
Fitting b2 with count 3298
Fitting b17 with count 519
Fitting b35 with count 673
Fitting b7 with count 2258
Fitting b16 with count 2202
Fitting b18 with count 589
Fitting b88 with count 1231
Fitting b87 with count 3442
Fitting b1 with count 4063
Fitting b57 with count 391
Fitting b68 with count 592
Fitting b14 with count 591
Fitting b19 with count 1401
Fitting b57a with count 81
Fitting b20 with count 509
Fitting b69 with count 355
Fitting b70 with count 704
Fitting b41 with count 277
Fitting b27 with count 442
Fitting b24 with count 372
Fitting b42 with count 86
Fitting b53 with count 15
Fitting b34 with count 83
Fitting b28 with count 71
Fitting b86 with count 38
Fitting b37 with count 43
Fitting b30 with count 41
Fitting b46 with count 48
Fitting b31 with count 13
Fitting b51 with count 414
Fitting b33 with count 9
Fitting b22 with count 348
Fitting b58 with count 28
Fitting b32 with count 57
Fitting b65 with count 85
Fitting b61 with count 6
Fitting b81 with count 5
Fitting b63 with count 7
Skipping b60 with count 3
Fitting b64 with count 82
Fitting b62 with count 79
Fitting b73 with count 23
Skipping b23 with count 2
Skipping b78 with count 3
Skipping b77 with count 2
Fitting b26 with count 7
Fitting b66 with count 49
Fitting b71 with count 41
Fitting b45 with count 66
Fitting b54 with count 12
Fitting b40 with count 5
Fitting b48 with count 5
Skipping b55 with count 1
Skipping b49 with count 2
Skipping b82 with count 1
Skipping b29 with count 3
Fitting b72 with count 264
Skipping b43 with count 2
Fitting b25 with count 126
Fitting b39 with count 6
Fitting b76 with count 20
Fitting b15 with count 72
Skipping b67 with count 2
Skipping b44 with count 1
Fitting b13a with count 23
Fitting b74 with count 234
Coverage for Angles
Fitting a20 with count 3755
Fitting a10 with count 5814
Fitting a1 with count 5402
Fitting a14 with count 2256
Fitting a37 with count 494
Fitting a2 with count 5320
Fitting a33 with count 90
Fitting a11 with count 4312
Fitting a18a with count 417
Fitting a22a with count 1392
Fitting a22 with count 1406
Fitting a32 with count 776
Fitting a31 with count 776
Fitting a29 with count 451
Fitting a28 with count 2969
Fitting a21 with count 2740
Fitting a18 with count 1022
Fitting a3 with count 526
Fitting a6 with count 523
Fitting a4 with count 526
Fitting a5 with count 238
Fitting a19 with count 1017
Fitting a24 with count 18
Fitting a15 with count 1079
Fitting a9 with count 213
Fitting a7 with count 213
Fitting a8 with count 180
Fitting a13 with count 1047
Fitting a16 with count 531
Fitting a26 with count 83
Fitting a25 with count 82
Fitting a34 with count 298
Skipping a17 with count 4
Fitting a23 with count 9
Fitting a38 with count 146
Fitting a40 with count 95
Skipping a30 with count 2
Fitting a12 with count 68
Fitting a39 with count 35
Fitting a27 with count 11
Skipping a36 with count 1
Coverage for ProperTorsions
Fitting t42 with count 22
Fitting t27 with count 66
Fitting t41 with count 15
Fitting t1 with count 126
Fitting t10 with count 21
Fitting t3 with count 114
Fitting t149 with count 31
Fitting t147 with count 16
Fitting t146 with count 14
Fitting t152 with count 25
Fitting t151 with count 20
Fitting t107 with count 22
Fitting t110 with count 14
Fitting t4 with count 86
Fitting t9 with count 37
Fitting t2 with count 24
Fitting t17 with count 144
Fitting t18 with count 113
Fitting t20 with count 54
Fitting t19 with count 57
Fitting t21 with count 13
Fitting t35 with count 31
Fitting t29 with count 18
Fitting t23 with count 23
Fitting t24 with count 30
Fitting t40 with count 16
Fitting t39 with count 19
Fitting t33 with count 10
Fitting t43 with count 18
Fitting t44 with count 20
Fitting t47 with count 32
Fitting t48 with count 13
Fitting t51 with count 35
Fitting t64 with count 74
Fitting t67 with count 16
Fitting t58 with count 22
Fitting t84 with count 22
Fitting t50 with count 7
Fitting t66 with count 14
Fitting t69 with count 13
Fitting t75 with count 39
Fitting t76 with count 11
Skipping t73 with count 4
Fitting t90 with count 11
Fitting t74 with count 9
Fitting t77 with count 17
Fitting t78 with count 15
Fitting t79 with count 8
Fitting t80 with count 21
Fitting t104 with count 12
Fitting t103 with count 7
Fitting t83a with count 16
Fitting t85 with count 15
Fitting t94 with count 13
Fitting t93 with count 17
Fitting t95 with count 41
Fitting t105 with count 21
Fitting t97 with count 12
Skipping t101 with count 2
Fitting t100 with count 5
Fitting t106 with count 16
Fitting t111 with count 18
Fitting t115 with count 19
Fitting t117 with count 21
Fitting t116 with count 20
Fitting t118 with count 27
Fitting t119 with count 19
Fitting t120 with count 7
Fitting t121 with count 17
Fitting t122 with count 13
Fitting t148 with count 27
Fitting t145 with count 13
Fitting t129 with count 8
Fitting t137 with count 7
Fitting t140 with count 13
Fitting t144 with count 14
Skipping t19a with count 3
Fitting t8 with count 6
Fitting t6 with count 10
Fitting t11 with count 14
Fitting t7 with count 6
Skipping t12 with count 4
Fitting t14 with count 14
Fitting t13 with count 19
Skipping t15 with count 3
Fitting t16 with count 7
Fitting t26 with count 14
Fitting t22 with count 14
Fitting t25 with count 11
Fitting t38 with count 12
Fitting t34 with count 11
Fitting t28 with count 13
Fitting t31 with count 11
Fitting t32 with count 11
Fitting t36 with count 10
Skipping t49 with count 4
Fitting t87 with count 8
Fitting t59 with count 9
Fitting t60 with count 9
Fitting t62 with count 8
Fitting t61 with count 8
Fitting t70 with count 8
Fitting t92 with count 11
Fitting t83 with count 12
Fitting t91 with count 8
Fitting t98 with count 6
Fitting t102 with count 5
Fitting t108 with count 13
Fitting t109 with count 11
Fitting t124 with count 7
Skipping t128 with count 4
Fitting t132 with count 12
Fitting t131 with count 7
Fitting t135 with count 7
Fitting t136 with count 10
Fitting t142 with count 7
Fitting t143 with count 20
Fitting t153 with count 6
Fitting t160 with count 8
Fitting t159 with count 10
Fitting t161 with count 11
Fitting t162 with count 10
Fitting t163 with count 8
Skipping t164 with count 1
Fitting t138 with count 8
Fitting Protein-chi1-aliphatic with count 9
Fitting Protein-phi-sidechain with count 23
Fitting Protein-phi-general with count 28
Fitting t96 with count 20
Fitting t127 with count 9
Fitting t5 with count 8
Skipping t30 with count 3
Fitting t37 with count 7
Fitting t55 with count 9
Fitting t52 with count 7
Fitting t53 with count 6
Fitting t56 with count 7
Fitting t57 with count 5
Fitting t65 with count 6
Fitting t71 with count 11
Fitting t72 with count 8
Fitting t68 with count 7
Skipping t81 with count 1
Fitting t82 with count 14
Fitting t82a with count 6
Skipping t86 with count 3
Fitting t139 with count 6
Skipping t150 with count 4
Fitting t156 with count 6
Fitting t157 with count 7
Fitting t45 with count 8
Skipping t46 with count 2
Fitting t99 with count 6
Fitting t125 with count 7
Fitting t113 with count 5
Skipping t158 with count 4
Fitting t154 with count 7
Skipping t112 with count 1
Fitting t54 with count 7
Fitting t63 with count 7
Skipping t114 with count 4
Fitting t42a with count 5
Fitting t31a with count 5
Fitting t155 with count 5
Fitting t123a with count 5
Fitting t130 with count 5
Fitting t133 with count 5
Fitting t134 with count 5
Skipping t48a with count 1
Fitting Protein-psi-sidechain with count 22
Fitting Protein-psi-general with count 26
Fitting Protein-phi-beta-branched with count 3
Fitting Protein-psi-beta-branched with count 3
Fitting Protein-chi1-gamma-carboxylate with count 2
Fitting Protein-chi2-gamma-carboxylate with count 2
Fitting Protein-chi2-gamma-amide with count 2
Fitting Protein-chi1-gamma-carbonyl with count 4
Fitting Protein-chi2-gamma-carboxyl with count 2
Fitting Protein-chi2-delta-carbonyl with count 4
Fitting Protein-chi1-gamma-thiol with count 2
Fitting Protein-chi1-gamma-disulfide with count 2
Fitting Protein-chi2-delta-carboxylate with count 2
Fitting Protein-chi2-gamma-imidazolium with count 4
Fitting Protein-chi1-gamma-imidazole with count 6
Fitting Protein-chi2-gamma-imidazole-delta-tautomer with count 2
Fitting Protein-chi2-gamma-imidazole-epsilon-tautomer with count 2
Fitting Protein-chi2-beta-branched-ethyl with count 2
Fitting Protein-chi1-beta-branched-methylene with count 2
Fitting Protein-chi1-beta-branched-methyl with count 6
Fitting Protein-chi1-gamma-branched with count 2
Fitting Protein-chi2-gamma-branched-methyl with count 2
Fitting Protein-chi2-delta-thioether with count 2
Fitting Protein-chi2-gamma-aromatic with count 4
Fitting Protein-chi1-gamma-aromatic with count 4
Fitting Protein-chi1-gamma-indole with count 2
Fitting Protein-chi2-gamma-indole with count 2
Fitting Protein-chi1-gamma-hydroxyl with count 2
Fitting Protein-chi1-beta-branched-hydroxyl with count 2
Skipping t126 with count 1
Fitting Protein-phi-ring with count 1
