Loaded torsion training set with 1258 entries.
Filtered torsion training set to 1235 entries.
Loaded optimization training set with 5977 entries.
Filtered optimization training set to 5896 entries.
generating target directory for torsion-99478323
generating target directory for torsion-99478359
generating target directory for torsion-99478356
generating target directory for torsion-99478357
generating target directory for torsion-99478358
generating target directory for torsion-99478377
generating target directory for torsion-99478378
generating target directory for torsion-99478379
generating target directory for torsion-99478380
generating target directory for torsion-99478418
generating target directory for torsion-99478420
generating target directory for torsion-99478421
generating target directory for torsion-99478450
generating target directory for torsion-99478504
generating target directory for torsion-99478505
generating target directory for torsion-99478597
generating target directory for torsion-99478598
generating target directory for torsion-99478599
generating target directory for torsion-99478630
generating target directory for torsion-99478689
generating target directory for torsion-99478690
generating target directory for torsion-99478719
generating target directory for torsion-99478752
generating target directory for torsion-99478784
generating target directory for torsion-99478419
generating target directory for torsion-103670815
generating target directory for torsion-103670813
generating target directory for torsion-103670814
generating target directory for torsion-103670816
generating target directory for torsion-103670809
generating target directory for torsion-103670810
generating target directory for torsion-103670811
generating target directory for torsion-103670812
generating target directory for torsion-103670822
generating target directory for torsion-103670817
generating target directory for torsion-103670818
generating target directory for torsion-103670819
generating target directory for torsion-103670820
generating target directory for torsion-103670821
generating target directory for torsion-103670823
generating target directory for torsion-103670824
generating target directory for torsion-103670825
generating target directory for torsion-103670826
generating target directory for torsion-103670827
generating target directory for torsion-103670828
generating target directory for torsion-103670829
generating target directory for torsion-103670830
generating target directory for torsion-103670831
generating target directory for torsion-103670832
generating target directory for torsion-103670833
generating target directory for torsion-103670834
generating target directory for torsion-103670835
generating target directory for torsion-103670836
generating target directory for torsion-103670837
generating target directory for torsion-103670838
generating target directory for torsion-103670839
generating target directory for torsion-103670840
generating target directory for torsion-103670841
generating target directory for torsion-103670842
generating target directory for torsion-103670843
generating target directory for torsion-103670844
generating target directory for torsion-103670850
generating target directory for torsion-103670851
generating target directory for torsion-103670845
generating target directory for torsion-103670846
generating target directory for torsion-103670847
generating target directory for torsion-103670848
generating target directory for torsion-103670849
generating target directory for torsion-103670852
generating target directory for torsion-103670853
generating target directory for torsion-103670854
generating target directory for torsion-99478688
generating target directory for torsion-18045327
generating target directory for torsion-18535805
generating target directory for torsion-18535898
generating target directory for torsion-18535899
generating target directory for torsion-18535877
generating target directory for torsion-18535809
generating target directory for torsion-18535806
generating target directory for torsion-18535813
generating target directory for torsion-18535807
generating target directory for torsion-18535808
generating target directory for torsion-18535810
generating target directory for torsion-18535811
generating target directory for torsion-18535812
generating target directory for torsion-18045311
generating target directory for torsion-18535814
generating target directory for torsion-18535815
generating target directory for torsion-18045313
generating target directory for torsion-18535817
generating target directory for torsion-18045314
generating target directory for torsion-18045316
generating target directory for torsion-18535819
generating target directory for torsion-18535820
generating target directory for torsion-18535821
generating target directory for torsion-18535822
generating target directory for torsion-18045318
generating target directory for torsion-18535823
generating target directory for torsion-18535824
generating target directory for torsion-18535826
generating target directory for torsion-18535827
generating target directory for torsion-18045320
generating target directory for torsion-18045324
generating target directory for torsion-18535831
generating target directory for torsion-18535832
generating target directory for torsion-18535833
generating target directory for torsion-18045322
generating target directory for torsion-18535834
generating target directory for torsion-18045323
generating target directory for torsion-18535835
generating target directory for torsion-18045325
generating target directory for torsion-18045326
generating target directory for torsion-18535837
generating target directory for torsion-18535838
generating target directory for torsion-18045328
generating target directory for torsion-18535839
generating target directory for torsion-18045329
generating target directory for torsion-18535840
generating target directory for torsion-18535844
generating target directory for torsion-18535845
generating target directory for torsion-18535846
generating target directory for torsion-18535847
generating target directory for torsion-18535848
generating target directory for torsion-18045333
generating target directory for torsion-18535849
generating target directory for torsion-18045334
generating target directory for torsion-18535853
generating target directory for torsion-18535850
generating target directory for torsion-18535851
generating target directory for torsion-18535864
generating target directory for torsion-18045335
generating target directory for torsion-18045336
generating target directory for torsion-18045337
generating target directory for torsion-18535854
generating target directory for torsion-18535855
generating target directory for torsion-18535856
generating target directory for torsion-18045340
generating target directory for torsion-18535857
generating target directory for torsion-18535858
generating target directory for torsion-18535859
generating target directory for torsion-18045342
generating target directory for torsion-18535860
generating target directory for torsion-18535861
generating target directory for torsion-18535862
generating target directory for torsion-18535863
generating target directory for torsion-18535871
generating target directory for torsion-18045344
generating target directory for torsion-18045345
generating target directory for torsion-18535865
generating target directory for torsion-18535866
generating target directory for torsion-18045347
generating target directory for torsion-18535868
generating target directory for torsion-18045348
generating target directory for torsion-18535873
generating target directory for torsion-18535869
generating target directory for torsion-18045350
generating target directory for torsion-18535870
generating target directory for torsion-18045351
generating target directory for torsion-18045353
generating target directory for torsion-18535872
generating target directory for torsion-18535874
generating target directory for torsion-18045355
generating target directory for torsion-18535876
generating target directory for torsion-18535879
generating target directory for torsion-18045356
generating target directory for torsion-18535880
generating target directory for torsion-18535881
generating target directory for torsion-18535882
generating target directory for torsion-18045358
generating target directory for torsion-18535883
generating target directory for torsion-18535884
generating target directory for torsion-18535885
generating target directory for torsion-18535886
generating target directory for torsion-18535887
generating target directory for torsion-18535888
generating target directory for torsion-18045361
generating target directory for torsion-18535889
generating target directory for torsion-18535894
generating target directory for torsion-18045362
generating target directory for torsion-18535890
generating target directory for torsion-18535891
generating target directory for torsion-18045364
generating target directory for torsion-18045365
generating target directory for torsion-18535892
generating target directory for torsion-18535893
generating target directory for torsion-18045368
generating target directory for torsion-18045369
generating target directory for torsion-18535897
generating target directory for torsion-2703049
generating target directory for torsion-18536042
generating target directory for torsion-18536017
generating target directory for torsion-18536018
generating target directory for torsion-18536019
generating target directory for torsion-18536020
generating target directory for torsion-18536021
generating target directory for torsion-18536022
generating target directory for torsion-18536023
generating target directory for torsion-18536024
generating target directory for torsion-18536025
generating target directory for torsion-18536026
generating target directory for torsion-18536027
generating target directory for torsion-2703581
generating target directory for torsion-2703050
generating target directory for torsion-18536029
generating target directory for torsion-2703295
generating target directory for torsion-2703361
generating target directory for torsion-2703284
generating target directory for torsion-2703291
generating target directory for torsion-18536030
generating target directory for torsion-18536031
generating target directory for torsion-18536032
generating target directory for torsion-18536033
generating target directory for torsion-18536037
generating target directory for torsion-18536045
generating target directory for torsion-18536041
generating target directory for torsion-18536044
generating target directory for torsion-18536046
generating target directory for torsion-2703282
generating target directory for torsion-18536047
generating target directory for torsion-18536048
generating target directory for torsion-18536050
generating target directory for torsion-18536058
generating target directory for torsion-18536052
generating target directory for torsion-18536053
generating target directory for torsion-18536054
generating target directory for torsion-18536055
generating target directory for torsion-18536056
generating target directory for torsion-18536057
generating target directory for torsion-18536059
generating target directory for torsion-18536060
generating target directory for torsion-18536061
generating target directory for torsion-18536062
generating target directory for torsion-18536064
generating target directory for torsion-18536065
generating target directory for torsion-18045442
generating target directory for torsion-18536066
generating target directory for torsion-2703359
generating target directory for torsion-18536068
generating target directory for torsion-2703132
generating target directory for torsion-18536071
generating target directory for torsion-18536072
generating target directory for torsion-18536073
generating target directory for torsion-18536077
generating target directory for torsion-18536094
generating target directory for torsion-18536079
generating target directory for torsion-18536080
generating target directory for torsion-18536081
generating target directory for torsion-2703041
generating target directory for torsion-18045455
generating target directory for torsion-2703347
generating target directory for torsion-18536083
generating target directory for torsion-18536085
generating target directory for torsion-2703034
generating target directory for torsion-2703603
generating target directory for torsion-2703525
generating target directory for torsion-18536090
generating target directory for torsion-18045465
generating target directory for torsion-18536092
generating target directory for torsion-2703333
generating target directory for torsion-18536095
generating target directory for torsion-18536103
generating target directory for torsion-18536096
generating target directory for torsion-18536097
generating target directory for torsion-18536098
generating target directory for torsion-18536099
generating target directory for torsion-18536101
generating target directory for torsion-18045472
generating target directory for torsion-2703346
generating target directory for torsion-18536104
generating target directory for torsion-18045474
generating target directory for torsion-18045477
generating target directory for torsion-18536106
generating target directory for torsion-18536107
generating target directory for torsion-18536108
generating target directory for torsion-18536109
generating target directory for torsion-18536110
generating target directory for torsion-18536111
generating target directory for torsion-2703634
generating target directory for torsion-18536112
generating target directory for torsion-18536113
generating target directory for torsion-18536114
generating target directory for torsion-18536116
generating target directory for torsion-18536117
generating target directory for torsion-2703135
generating target directory for torsion-18536118
generating target directory for torsion-18045490
generating target directory for torsion-18536173
generating target directory for torsion-6098678
generating target directory for torsion-18536174
generating target directory for torsion-6098626
generating target directory for torsion-18045541
generating target directory for torsion-18536176
generating target directory for torsion-18536179
generating target directory for torsion-18536180
generating target directory for torsion-6098613
generating target directory for torsion-6098608
generating target directory for torsion-6098632
generating target directory for torsion-18536182
generating target directory for torsion-18536183
generating target directory for torsion-18045545
generating target directory for torsion-18536184
generating target directory for torsion-18536185
generating target directory for torsion-18536186
generating target directory for torsion-18536188
generating target directory for torsion-18536189
generating target directory for torsion-18536191
generating target directory for torsion-18536192
generating target directory for torsion-18536195
generating target directory for torsion-18536196
generating target directory for torsion-18536198
generating target directory for torsion-6098519
generating target directory for torsion-6098536
generating target directory for torsion-6098518
generating target directory for torsion-6098534
generating target directory for torsion-6098607
generating target directory for torsion-18536206
generating target directory for torsion-18536208
generating target directory for torsion-18536211
generating target directory for torsion-6098545
generating target directory for torsion-18536213
generating target directory for torsion-18536216
generating target directory for torsion-18536217
generating target directory for torsion-18536219
generating target directory for torsion-6098708
generating target directory for torsion-18536221
generating target directory for torsion-18045554
generating target directory for torsion-18536239
generating target directory for torsion-18536241
generating target directory for torsion-18536244
generating target directory for torsion-18536245
generating target directory for torsion-18536247
generating target directory for torsion-18536248
generating target directory for torsion-18045557
generating target directory for torsion-18536250
generating target directory for torsion-18536283
generating target directory for torsion-18536307
generating target directory for torsion-18045559
generating target directory for torsion-18536310
generating target directory for torsion-18536312
generating target directory for torsion-6098725
generating target directory for torsion-6098644
generating target directory for torsion-18536314
generating target directory for torsion-18536317
generating target directory for torsion-18536319
generating target directory for torsion-18536326
generating target directory for torsion-18536322
generating target directory for torsion-18045564
generating target directory for torsion-18536324
generating target directory for torsion-18045565
generating target directory for torsion-18045566
generating target directory for torsion-6098576
generating target directory for torsion-18536330
generating target directory for torsion-13521479
generating target directory for torsion-18045615
generating target directory for torsion-18537134
generating target directory for torsion-18536954
generating target directory for torsion-18537007
generating target directory for torsion-18045588
generating target directory for torsion-18536979
generating target directory for torsion-18536940
generating target directory for torsion-18536930
generating target directory for torsion-18536931
generating target directory for torsion-18536932
generating target directory for torsion-18536933
generating target directory for torsion-18536934
generating target directory for torsion-18536935
generating target directory for torsion-18536937
generating target directory for torsion-18536939
generating target directory for torsion-18536941
generating target directory for torsion-18536942
generating target directory for torsion-18536943
generating target directory for torsion-18536944
generating target directory for torsion-18536945
generating target directory for torsion-18536946
generating target directory for torsion-18536978
generating target directory for torsion-18536947
generating target directory for torsion-18536951
generating target directory for torsion-18536952
generating target directory for torsion-18536953
generating target directory for torsion-18536955
generating target directory for torsion-18536956
generating target directory for torsion-18536957
generating target directory for torsion-18536958
generating target directory for torsion-18536960
generating target directory for torsion-18045608
generating target directory for torsion-18536961
generating target directory for torsion-18536962
generating target directory for torsion-18536963
generating target directory for torsion-18536964
generating target directory for torsion-18536965
generating target directory for torsion-18536966
generating target directory for torsion-18536967
generating target directory for torsion-18536968
generating target directory for torsion-18536969
generating target directory for torsion-18536970
generating target directory for torsion-18536972
generating target directory for torsion-18536973
generating target directory for torsion-18536974
generating target directory for torsion-18536975
generating target directory for torsion-18536976
generating target directory for torsion-18536977
generating target directory for torsion-18536980
generating target directory for torsion-18536981
generating target directory for torsion-18536983
generating target directory for torsion-18536984
generating target directory for torsion-18536985
generating target directory for torsion-18536986
generating target directory for torsion-18536987
generating target directory for torsion-18536989
generating target directory for torsion-17291050
generating target directory for torsion-18536990
generating target directory for torsion-18536993
generating target directory for torsion-18536994
generating target directory for torsion-18536995
generating target directory for torsion-18536996
generating target directory for torsion-18536998
generating target directory for torsion-18536999
generating target directory for torsion-18537000
generating target directory for torsion-18537001
generating target directory for torsion-18537002
generating target directory for torsion-18537003
generating target directory for torsion-18537004
generating target directory for torsion-18537005
generating target directory for torsion-18537006
generating target directory for torsion-17291020
generating target directory for torsion-18537008
generating target directory for torsion-18537009
generating target directory for torsion-18537010
generating target directory for torsion-18537011
generating target directory for torsion-18537012
generating target directory for torsion-18045628
generating target directory for torsion-18537013
generating target directory for torsion-18537014
generating target directory for torsion-18537015
generating target directory for torsion-18537016
generating target directory for torsion-18537022
generating target directory for torsion-18537023
generating target directory for torsion-18537050
generating target directory for torsion-18537024
generating target directory for torsion-18537025
generating target directory for torsion-18537026
generating target directory for torsion-18537027
generating target directory for torsion-18537028
generating target directory for torsion-18537029
generating target directory for torsion-18045638
generating target directory for torsion-18537030
generating target directory for torsion-18537031
generating target directory for torsion-18537032
generating target directory for torsion-18537034
generating target directory for torsion-18045637
generating target directory for torsion-18537035
generating target directory for torsion-18537036
generating target directory for torsion-18537038
generating target directory for torsion-18537039
generating target directory for torsion-18045642
generating target directory for torsion-18537042
generating target directory for torsion-18537043
generating target directory for torsion-18537044
generating target directory for torsion-18537045
generating target directory for torsion-18537047
generating target directory for torsion-18537048
generating target directory for torsion-18537049
generating target directory for torsion-18045648
generating target directory for torsion-18537053
generating target directory for torsion-18537054
generating target directory for torsion-18537055
generating target directory for torsion-18045652
generating target directory for torsion-18537056
generating target directory for torsion-18537057
generating target directory for torsion-18537058
generating target directory for torsion-18537059
generating target directory for torsion-18045656
generating target directory for torsion-18537060
generating target directory for torsion-18045657
generating target directory for torsion-18537061
generating target directory for torsion-18537062
generating target directory for torsion-18537063
generating target directory for torsion-18537064
generating target directory for torsion-18537065
generating target directory for torsion-18537066
generating target directory for torsion-18537067
generating target directory for torsion-18537068
generating target directory for torsion-18537069
generating target directory for torsion-18537070
generating target directory for torsion-18045660
generating target directory for torsion-18537071
generating target directory for torsion-18537072
generating target directory for torsion-18537073
generating target directory for torsion-18537074
generating target directory for torsion-18537075
generating target directory for torsion-18537076
generating target directory for torsion-18537078
generating target directory for torsion-18045669
generating target directory for torsion-18537085
generating target directory for torsion-18045670
generating target directory for torsion-18537086
generating target directory for torsion-18045673
generating target directory for torsion-18537087
generating target directory for torsion-18537088
generating target directory for torsion-18045675
generating target directory for torsion-18537091
generating target directory for torsion-18537092
generating target directory for torsion-18537093
generating target directory for torsion-18537094
generating target directory for torsion-18537095
generating target directory for torsion-18045678
generating target directory for torsion-18537096
generating target directory for torsion-18537097
generating target directory for torsion-18537098
generating target directory for torsion-18537100
generating target directory for torsion-18537101
generating target directory for torsion-18537102
generating target directory for torsion-18537103
generating target directory for torsion-18537104
generating target directory for torsion-18537105
generating target directory for torsion-18537106
generating target directory for torsion-18537107
generating target directory for torsion-18537108
generating target directory for torsion-18537109
generating target directory for torsion-18537113
generating target directory for torsion-18537114
generating target directory for torsion-18537115
generating target directory for torsion-18537116
generating target directory for torsion-18537117
generating target directory for torsion-18537118
generating target directory for torsion-18537120
generating target directory for torsion-18537121
generating target directory for torsion-18537122
generating target directory for torsion-18537123
generating target directory for torsion-18537124
generating target directory for torsion-18537125
generating target directory for torsion-18537126
generating target directory for torsion-18537127
generating target directory for torsion-18537128
generating target directory for torsion-18537129
generating target directory for torsion-18537130
generating target directory for torsion-18537131
generating target directory for torsion-18537132
generating target directory for torsion-18537133
generating target directory for torsion-18537135
generating target directory for torsion-18537136
generating target directory for torsion-18537138
generating target directory for torsion-18537139
generating target directory for torsion-18537140
generating target directory for torsion-18537141
generating target directory for torsion-18537142
generating target directory for torsion-18537144
generating target directory for torsion-18537145
generating target directory for torsion-18537146
generating target directory for torsion-18537147
generating target directory for torsion-18537148
generating target directory for torsion-18537152
generating target directory for torsion-18537155
generating target directory for torsion-18537157
generating target directory for torsion-18537158
generating target directory for torsion-18537159
generating target directory for torsion-18537160
generating target directory for torsion-18537166
generating target directory for torsion-18537162
generating target directory for torsion-18537163
generating target directory for torsion-18537164
generating target directory for torsion-18537167
generating target directory for torsion-18537168
generating target directory for torsion-18537169
generating target directory for torsion-18537171
generating target directory for torsion-18537172
generating target directory for torsion-18886293
generating target directory for torsion-18886315
generating target directory for torsion-18886331
generating target directory for torsion-18886178
generating target directory for torsion-18045881
generating target directory for torsion-18886345
generating target directory for torsion-18886381
generating target directory for torsion-18886434
generating target directory for torsion-18886511
generating target directory for torsion-18886179
generating target directory for torsion-18886168
generating target directory for torsion-18886170
generating target directory for torsion-18886172
generating target directory for torsion-18886173
generating target directory for torsion-18886174
generating target directory for torsion-18886175
generating target directory for torsion-18886177
generating target directory for torsion-18886184
generating target directory for torsion-18886180
generating target directory for torsion-18886513
generating target directory for torsion-18886181
generating target directory for torsion-18886182
generating target directory for torsion-18886185
generating target directory for torsion-18886187
generating target directory for torsion-18886188
generating target directory for torsion-18886189
generating target directory for torsion-18886229
generating target directory for torsion-18886190
generating target directory for torsion-18886192
generating target directory for torsion-18886194
generating target directory for torsion-18886196
generating target directory for torsion-18886198
generating target directory for torsion-18886199
generating target directory for torsion-18886200
generating target directory for torsion-18886201
generating target directory for torsion-18886202
generating target directory for torsion-18886203
generating target directory for torsion-18886204
generating target directory for torsion-18886205
generating target directory for torsion-18886210
generating target directory for torsion-18886213
generating target directory for torsion-18886209
generating target directory for torsion-18886211
generating target directory for torsion-18886212
generating target directory for torsion-18886227
generating target directory for torsion-18886214
generating target directory for torsion-18886223
generating target directory for torsion-18886215
generating target directory for torsion-18886217
generating target directory for torsion-18886218
generating target directory for torsion-18886219
generating target directory for torsion-18886220
generating target directory for torsion-18886221
generating target directory for torsion-18886228
generating target directory for torsion-18886224
generating target directory for torsion-18886226
generating target directory for torsion-18886230
generating target directory for torsion-18886231
generating target directory for torsion-18886233
generating target directory for torsion-18886234
generating target directory for torsion-18886235
generating target directory for torsion-18886241
generating target directory for torsion-18886237
generating target directory for torsion-18886238
generating target directory for torsion-18886239
generating target directory for torsion-18886242
generating target directory for torsion-18886244
generating target directory for torsion-18886245
generating target directory for torsion-18886247
generating target directory for torsion-18886249
generating target directory for torsion-18886250
generating target directory for torsion-18886251
generating target directory for torsion-18886252
generating target directory for torsion-18886253
generating target directory for torsion-18886255
generating target directory for torsion-18886257
generating target directory for torsion-18886258
generating target directory for torsion-18886260
generating target directory for torsion-18886274
generating target directory for torsion-18886265
generating target directory for torsion-18886270
generating target directory for torsion-18886272
generating target directory for torsion-18886276
generating target directory for torsion-18886278
generating target directory for torsion-18886280
generating target directory for torsion-18886290
generating target directory for torsion-18045907
generating target directory for torsion-18886294
generating target directory for torsion-18886299
generating target directory for torsion-18886301
generating target directory for torsion-18886303
generating target directory for torsion-18886306
generating target directory for torsion-18886307
generating target directory for torsion-18886308
generating target directory for torsion-18886310
generating target directory for torsion-18886312
generating target directory for torsion-18886314
generating target directory for torsion-18886317
generating target directory for torsion-18886321
generating target directory for torsion-18886324
generating target directory for torsion-18886326
generating target directory for torsion-18886339
generating target directory for torsion-18886348
generating target directory for torsion-18886350
generating target directory for torsion-18886372
generating target directory for torsion-18886354
generating target directory for torsion-18886355
generating target directory for torsion-18886361
generating target directory for torsion-18045926
generating target directory for torsion-18886378
generating target directory for torsion-18886379
generating target directory for torsion-18886383
generating target directory for torsion-18886384
generating target directory for torsion-18886388
generating target directory for torsion-18886389
generating target directory for torsion-18886391
generating target directory for torsion-18886430
generating target directory for torsion-18886436
generating target directory for torsion-18886438
generating target directory for torsion-18886441
generating target directory for torsion-18886444
generating target directory for torsion-18886447
generating target directory for torsion-18886449
generating target directory for torsion-18886452
generating target directory for torsion-18886456
generating target directory for torsion-18886462
generating target directory for torsion-18886470
generating target directory for torsion-18886474
generating target directory for torsion-18886475
generating target directory for torsion-18886493
generating target directory for torsion-18886498
generating target directory for torsion-18886500
generating target directory for torsion-18886501
generating target directory for torsion-18886505
generating target directory for torsion-18886507
generating target directory for torsion-18886515
generating target directory for torsion-18886517
generating target directory for torsion-18886522
generating target directory for torsion-18886524
generating target directory for torsion-18886528
generating target directory for torsion-18886530
generating target directory for torsion-18886534
generating target directory for torsion-18886535
generating target directory for torsion-18886542
generating target directory for torsion-18886546
generating target directory for torsion-18886548
generating target directory for torsion-18886549
generating target directory for torsion-18885892
generating target directory for torsion-18885893
generating target directory for torsion-18046185
generating target directory for torsion-18885898
generating target directory for torsion-18885895
generating target directory for torsion-18885896
generating target directory for torsion-18885897
generating target directory for torsion-18885886
generating target directory for torsion-18885887
generating target directory for torsion-17874785
generating target directory for torsion-18885880
generating target directory for torsion-18885881
generating target directory for torsion-18885882
generating target directory for torsion-18046183
generating target directory for torsion-18885883
generating target directory for torsion-18885884
generating target directory for torsion-18885889
generating target directory for torsion-18885890
generating target directory for torsion-18885891
generating target directory for torsion-2703060
generating target directory for torsion-2703062
generating target directory for torsion-2703064
generating target directory for torsion-2703066
generating target directory for torsion-2703114
generating target directory for torsion-2703115
generating target directory for torsion-2703116
generating target directory for torsion-2703129
generating target directory for torsion-2703130
generating target directory for torsion-2703145
generating target directory for torsion-2703146
generating target directory for torsion-2703147
generating target directory for torsion-2703148
generating target directory for torsion-2703149
generating target directory for torsion-2703157
generating target directory for torsion-2703158
generating target directory for torsion-2703164
generating target directory for torsion-2703166
generating target directory for torsion-2703167
generating target directory for torsion-2703168
generating target directory for torsion-2703180
generating target directory for torsion-2703181
generating target directory for torsion-2703182
generating target directory for torsion-2703183
generating target directory for torsion-2703214
generating target directory for torsion-2703184
generating target directory for torsion-2703185
generating target directory for torsion-2703220
generating target directory for torsion-2703190
generating target directory for torsion-2703191
generating target directory for torsion-2703202
generating target directory for torsion-2703203
generating target directory for torsion-2703222
generating target directory for torsion-2703223
generating target directory for torsion-2703219
generating target directory for torsion-2703221
generating target directory for torsion-2703228
generating target directory for torsion-2703229
generating target directory for torsion-2703230
generating target directory for torsion-2703231
generating target directory for torsion-2703232
generating target directory for torsion-2703233
generating target directory for torsion-2703234
generating target directory for torsion-2703236
generating target directory for torsion-2703238
generating target directory for torsion-2703239
generating target directory for torsion-2703244
generating target directory for torsion-2703245
generating target directory for torsion-2703246
generating target directory for torsion-2703249
generating target directory for torsion-2703250
generating target directory for torsion-2703251
generating target directory for torsion-2703254
generating target directory for torsion-2703267
generating target directory for torsion-2703268
generating target directory for torsion-2703269
generating target directory for torsion-2703274
generating target directory for torsion-2703275
generating target directory for torsion-2703276
generating target directory for torsion-2703277
generating target directory for torsion-2703278
generating target directory for torsion-2703283
generating target directory for torsion-2703308
generating target directory for torsion-2703301
generating target directory for torsion-2703303
generating target directory for torsion-2703306
generating target directory for torsion-2703309
generating target directory for torsion-2703313
generating target directory for torsion-2703314
generating target directory for torsion-2703315
generating target directory for torsion-2703317
generating target directory for torsion-2703320
generating target directory for torsion-2703324
generating target directory for torsion-2703334
generating target directory for torsion-2703335
generating target directory for torsion-2703340
generating target directory for torsion-2703341
generating target directory for torsion-2703344
generating target directory for torsion-2703357
generating target directory for torsion-2703358
generating target directory for torsion-2703362
generating target directory for torsion-2703364
generating target directory for torsion-2703366
generating target directory for torsion-2703371
generating target directory for torsion-2703372
generating target directory for torsion-2703373
generating target directory for torsion-2703375
generating target directory for torsion-2703379
generating target directory for torsion-2703380
generating target directory for torsion-2703381
generating target directory for torsion-2703382
generating target directory for torsion-2703383
generating target directory for torsion-2703384
generating target directory for torsion-2703385
generating target directory for torsion-2703388
generating target directory for torsion-2703391
generating target directory for torsion-2703392
generating target directory for torsion-2703422
generating target directory for torsion-2703423
generating target directory for torsion-2703518
generating target directory for torsion-2703424
generating target directory for torsion-2703519
generating target directory for torsion-2703425
generating target directory for torsion-2703427
generating target directory for torsion-2703433
generating target directory for torsion-2703434
generating target directory for torsion-2703435
generating target directory for torsion-2703436
generating target directory for torsion-2703437
generating target directory for torsion-2703438
generating target directory for torsion-2703440
generating target directory for torsion-2703441
generating target directory for torsion-2703442
generating target directory for torsion-2703443
generating target directory for torsion-2703444
generating target directory for torsion-2703445
generating target directory for torsion-2703446
generating target directory for torsion-2703472
generating target directory for torsion-2703479
generating target directory for torsion-2703480
generating target directory for torsion-2703481
generating target directory for torsion-2703485
generating target directory for torsion-2703488
generating target directory for torsion-2703490
generating target directory for torsion-2703492
generating target directory for torsion-2703493
generating target directory for torsion-2703494
generating target directory for torsion-2703506
generating target directory for torsion-2703514
generating target directory for torsion-2703516
generating target directory for torsion-2703520
generating target directory for torsion-2703521
generating target directory for torsion-2703522
generating target directory for torsion-2703523
generating target directory for torsion-2703524
generating target directory for torsion-2703530
generating target directory for torsion-2703531
generating target directory for torsion-2703532
generating target directory for torsion-2703533
generating target directory for torsion-2703534
generating target directory for torsion-2703554
generating target directory for torsion-2703555
generating target directory for torsion-2703562
generating target directory for torsion-2703563
generating target directory for torsion-2703564
generating target directory for torsion-2703565
generating target directory for torsion-2703566
generating target directory for torsion-2703567
generating target directory for torsion-2703568
generating target directory for torsion-2703569
generating target directory for torsion-2703570
generating target directory for torsion-2703571
generating target directory for torsion-2703572
generating target directory for torsion-2703573
generating target directory for torsion-2703574
generating target directory for torsion-2703575
generating target directory for torsion-2703576
generating target directory for torsion-2703582
generating target directory for torsion-2703585
generating target directory for torsion-2703586
generating target directory for torsion-2703631
generating target directory for torsion-2703587
generating target directory for torsion-2703588
generating target directory for torsion-2703589
generating target directory for torsion-2703597
generating target directory for torsion-2703598
generating target directory for torsion-2703599
generating target directory for torsion-2703600
generating target directory for torsion-2703604
generating target directory for torsion-2703605
generating target directory for torsion-2703606
generating target directory for torsion-2703607
generating target directory for torsion-2703632
generating target directory for torsion-2703633
generating target directory for torsion-2703642
generating target directory for torsion-1762089
generating target directory for torsion-1762095
generating target directory for torsion-1762099
generating target directory for torsion-1762103
generating target directory for torsion-1762143
generating target directory for torsion-1762177
generating target directory for torsion-1762180
generating target directory for torsion-1762202
generating target directory for torsion-1762210
generating target directory for torsion-1762236
generating target directory for torsion-1762306
generating target directory for torsion-1762245
generating target directory for torsion-1762246
generating target directory for torsion-1762251
generating target directory for torsion-1762252
generating target directory for torsion-1762253
generating target directory for torsion-1762254
generating target directory for torsion-1762255
generating target directory for torsion-1762258
generating target directory for torsion-1762259
generating target directory for torsion-1762264
generating target directory for torsion-1762265
generating target directory for torsion-1762267
generating target directory for torsion-1762269
generating target directory for torsion-1762273
generating target directory for torsion-1762284
generating target directory for torsion-1762285
generating target directory for torsion-1762286
generating target directory for torsion-1762287
generating target directory for torsion-1762288
generating target directory for torsion-1762296
generating target directory for torsion-1762363
generating target directory for torsion-1762369
generating target directory for torsion-1762370
generating target directory for torsion-1762374
generating target directory for torsion-1762400
generating target directory for torsion-1762401
generating target directory for torsion-1762402
generating target directory for torsion-1762403
generating target directory for torsion-1762404
generating target directory for torsion-1762408
generating target directory for torsion-1762409
generating target directory for torsion-1762415
generating target directory for torsion-1762417
generating target directory for torsion-1762423
generating target directory for torsion-1762430
generating target directory for torsion-1762433
generating target directory for torsion-1762434
generating target directory for torsion-1762436
generating target directory for torsion-1762442
generating target directory for torsion-1762449
generating target directory for torsion-1762450
generating target directory for torsion-1762456
generating target directory for torsion-1762460
generating target directory for torsion-1762466
generating target directory for torsion-1762483
generating target directory for torsion-1762486
generating target directory for torsion-1762487
generating target directory for torsion-1762489
generating target directory for torsion-1762505
generating target directory for torsion-1762516
generating target directory for torsion-1762588
generating target directory for torsion-1762630
generating target directory for torsion-1762632
generating target directory for torsion-1762693
generating target directory for torsion-1762705
generating target directory for torsion-1762709
generating target directory for torsion-1762711
generating target directory for torsion-1762713
generating target directory for torsion-1762728
generating target directory for torsion-1762729
generating target directory for torsion-1762731
generating target directory for torsion-1762732
generating target directory for torsion-1762741
generating target directory for torsion-1803910
generating target directory for torsion-1762745
generating target directory for torsion-1762747
generating target directory for torsion-1762748
generating target directory for torsion-1762749
generating target directory for torsion-1762750
generating target directory for torsion-1762753
generating target directory for torsion-1762827
generating target directory for torsion-1762829
generating target directory for torsion-17874797
generating target directory for torsion-17874784
generating target directory for torsion-17874786
generating target directory for torsion-17874787
generating target directory for torsion-17874788
generating target directory for torsion-17874789
generating target directory for torsion-17874790
generating target directory for torsion-17874791
generating target directory for torsion-17874794
generating target directory for torsion-17874795
generating target directory for torsion-17874799
generating target directory for torsion-17874800
generating target directory for torsion-17874801
generating target directory for torsion-17889916
generating target directory for torsion-17889917
generating target directory for torsion-17889919
generating target directory for torsion-17889920
generating target directory for torsion-17889921
generating target directory for torsion-6098516
generating target directory for torsion-6098533
generating target directory for torsion-6098557
generating target directory for torsion-6098567
generating target directory for torsion-6098569
generating target directory for torsion-6098575
generating target directory for torsion-6098592
generating target directory for torsion-6098605
generating target directory for torsion-6098611
generating target directory for torsion-6098615
generating target directory for torsion-6098646
generating target directory for torsion-6098652
generating target directory for torsion-6098661
generating target directory for torsion-6098722
generating target directory for torsion-37025515
generating target directory for torsion-37025428
generating target directory for torsion-37025429
generating target directory for torsion-37025435
generating target directory for torsion-37024873
generating target directory for torsion-37025409
generating target directory for torsion-37025430
generating target directory for torsion-37025434
generating target directory for torsion-37025582
generating target directory for torsion-37024893
generating target directory for torsion-37024895
generating target directory for torsion-37025279
generating target directory for torsion-37024872
generating target directory for torsion-37024871
generating target directory for torsion-37024823
generating target directory for torsion-37024835
generating target directory for torsion-37024836
generating target directory for torsion-37024838
generating target directory for torsion-37024850
generating target directory for torsion-37024855
generating target directory for torsion-37024864
generating target directory for torsion-37024874
generating target directory for torsion-37024880
generating target directory for torsion-37024881
generating target directory for torsion-37024884
generating target directory for torsion-37024886
generating target directory for torsion-37024887
generating target directory for torsion-37024888
generating target directory for torsion-37024896
generating target directory for torsion-37024898
generating target directory for torsion-37024899
generating target directory for torsion-37024900
generating target directory for torsion-37024902
generating target directory for torsion-37024906
generating target directory for torsion-37024909
generating target directory for torsion-37024911
generating target directory for torsion-37024912
generating target directory for torsion-37024915
generating target directory for torsion-37024918
generating target directory for torsion-37024927
generating target directory for torsion-37024929
generating target directory for torsion-37024939
generating target directory for torsion-37025024
generating target directory for torsion-37024954
generating target directory for torsion-37024955
generating target directory for torsion-37024958
generating target directory for torsion-37024970
generating target directory for torsion-37024976
generating target directory for torsion-37024985
generating target directory for torsion-37024986
generating target directory for torsion-37024993
generating target directory for torsion-37024994
generating target directory for torsion-37025005
generating target directory for torsion-37025011
generating target directory for torsion-37025013
generating target directory for torsion-37025014
generating target directory for torsion-37025016
generating target directory for torsion-37025017
generating target directory for torsion-37025021
generating target directory for torsion-37025045
generating target directory for torsion-37025057
generating target directory for torsion-37025062
generating target directory for torsion-37025116
generating target directory for torsion-37025592
generating target directory for torsion-37025144
generating target directory for torsion-37025121
generating target directory for torsion-37025137
generating target directory for torsion-37025138
generating target directory for torsion-37025150
generating target directory for torsion-37025155
generating target directory for torsion-37025165
generating target directory for torsion-37025167
generating target directory for torsion-37025169
generating target directory for torsion-37025173
generating target directory for torsion-37025192
generating target directory for torsion-37025195
generating target directory for torsion-37025196
generating target directory for torsion-37025197
generating target directory for torsion-37025199
generating target directory for torsion-37025208
generating target directory for torsion-37025219
generating target directory for torsion-37025221
generating target directory for torsion-37025224
generating target directory for torsion-37025225
generating target directory for torsion-37025228
generating target directory for torsion-37025275
generating target directory for torsion-37025276
generating target directory for torsion-37025277
generating target directory for torsion-37025278
generating target directory for torsion-37025282
generating target directory for torsion-37025287
generating target directory for torsion-37025290
generating target directory for torsion-37025295
generating target directory for torsion-37025298
generating target directory for torsion-37025300
generating target directory for torsion-37025302
generating target directory for torsion-37025304
generating target directory for torsion-37025307
generating target directory for torsion-37025309
generating target directory for torsion-37025310
generating target directory for torsion-37025311
generating target directory for torsion-37025320
generating target directory for torsion-37025322
generating target directory for torsion-37025323
generating target directory for torsion-37025324
generating target directory for torsion-37025329
generating target directory for torsion-37025331
generating target directory for torsion-37025332
generating target directory for torsion-37025338
generating target directory for torsion-37025350
generating target directory for torsion-37025352
generating target directory for torsion-37025356
generating target directory for torsion-37025358
generating target directory for torsion-37025362
generating target directory for torsion-37025372
generating target directory for torsion-37025376
generating target directory for torsion-37025377
generating target directory for torsion-37025378
generating target directory for torsion-37025380
generating target directory for torsion-37025381
generating target directory for torsion-37025383
generating target directory for torsion-37025384
generating target directory for torsion-37025386
generating target directory for torsion-37025389
generating target directory for torsion-37025390
generating target directory for torsion-37025391
generating target directory for torsion-37025392
generating target directory for torsion-37025410
generating target directory for torsion-37025411
generating target directory for torsion-37025424
generating target directory for torsion-37025442
generating target directory for torsion-37025470
generating target directory for torsion-37025474
generating target directory for torsion-37025475
generating target directory for torsion-37025479
generating target directory for torsion-37025496
generating target directory for torsion-37025497
generating target directory for torsion-37025499
generating target directory for torsion-37025500
generating target directory for torsion-37025514
generating target directory for torsion-37025501
generating target directory for torsion-37025506
generating target directory for torsion-37025508
generating target directory for torsion-37025509
generating target directory for torsion-37025510
generating target directory for torsion-37025511
generating target directory for torsion-37025517
generating target directory for torsion-37025518
generating target directory for torsion-37025521
generating target directory for torsion-37025524
generating target directory for torsion-37025525
generating target directory for torsion-37025530
generating target directory for torsion-37025668
generating target directory for torsion-37025532
generating target directory for torsion-37025537
generating target directory for torsion-37025539
generating target directory for torsion-37025549
generating target directory for torsion-37025556
generating target directory for torsion-37025550
generating target directory for torsion-37025559
generating target directory for torsion-37025551
generating target directory for torsion-37025553
generating target directory for torsion-37025555
generating target directory for torsion-37025558
generating target directory for torsion-37025568
generating target directory for torsion-37025583
generating target directory for torsion-37025584
generating target directory for torsion-37025598
generating target directory for torsion-37025600
generating target directory for torsion-37025618
generating target directory for torsion-37025637
generating target directory for torsion-37025648
generating target directory for torsion-37025653
generating target directory for torsion-37025671
generating target directory for torsion-37025676
generating target directory for torsion-37025678
generating target directory for torsion-37025679
generating target directory for torsion-37025681
generating target directory for torsion-37025684
generating target directory for torsion-37025686
generating target directory for torsion-37025689
generating target directory for torsion-37025690
generating target directory for torsion-37025694
generating target directory for torsion-37025696
generating target directory for torsion-37025698
generating target directory for torsion-36633355
generating target directory for torsion-36633361
generating target directory for torsion-36633418
generating target directory for torsion-36633421
generating target directory for torsion-36633447
generating target directory for torsion-36633448
generating target directory for torsion-36633451
generating target directory for torsion-36633452
generating target directory for torsion-36633475
generating target directory for torsion-36633481
generating target directory for torsion-36633482
generating target directory for torsion-36633487
generating target directory for torsion-35044486
generating target directory for torsion-35044408
generating target directory for torsion-35044409
generating target directory for torsion-35044410
generating target directory for torsion-35044487
generating target directory for torsion-35044421
generating target directory for torsion-35044436
generating target directory for torsion-35044437
generating target directory for torsion-35044663
generating target directory for torsion-35044668
generating target directory for torsion-35044948
generating target directory for torsion-35045009
generating target directory for torsion-35045011
generating target directory for torsion-35045015
generating target directory for torsion-35045050
generating target directory for torsion-2703402
generating target directory for opt-geo-batch-0
generating target directory for opt-geo-batch-1
generating target directory for opt-geo-batch-2
generating target directory for opt-geo-batch-3
generating target directory for opt-geo-batch-4
generating target directory for opt-geo-batch-5
generating target directory for opt-geo-batch-6
generating target directory for opt-geo-batch-7
generating target directory for opt-geo-batch-8
generating target directory for opt-geo-batch-9
generating target directory for opt-geo-batch-10
generating target directory for opt-geo-batch-11
generating target directory for opt-geo-batch-12
generating target directory for opt-geo-batch-13
generating target directory for opt-geo-batch-14
generating target directory for opt-geo-batch-15
generating target directory for opt-geo-batch-16
generating target directory for opt-geo-batch-17
generating target directory for opt-geo-batch-18
generating target directory for opt-geo-batch-19
generating target directory for opt-geo-batch-20
generating target directory for opt-geo-batch-21
generating target directory for opt-geo-batch-22
generating target directory for opt-geo-batch-23
generating target directory for opt-geo-batch-24
generating target directory for opt-geo-batch-25
generating target directory for opt-geo-batch-26
generating target directory for opt-geo-batch-27
generating target directory for opt-geo-batch-28
generating target directory for opt-geo-batch-29
generating target directory for opt-geo-batch-30
generating target directory for opt-geo-batch-31
generating target directory for opt-geo-batch-32
generating target directory for opt-geo-batch-33
generating target directory for opt-geo-batch-34
generating target directory for opt-geo-batch-35
generating target directory for opt-geo-batch-36
generating target directory for opt-geo-batch-37
generating target directory for opt-geo-batch-38
generating target directory for opt-geo-batch-39
generating target directory for opt-geo-batch-40
generating target directory for opt-geo-batch-41
generating target directory for opt-geo-batch-42
generating target directory for opt-geo-batch-43
generating target directory for opt-geo-batch-44
generating target directory for opt-geo-batch-45
generating target directory for opt-geo-batch-46
generating target directory for opt-geo-batch-47
generating target directory for opt-geo-batch-48
generating target directory for opt-geo-batch-49
generating target directory for opt-geo-batch-50
generating target directory for opt-geo-batch-51
generating target directory for opt-geo-batch-52
generating target directory for opt-geo-batch-53
generating target directory for opt-geo-batch-54
generating target directory for opt-geo-batch-55
generating target directory for opt-geo-batch-56
generating target directory for opt-geo-batch-57
generating target directory for opt-geo-batch-58
generating target directory for opt-geo-batch-59
generating target directory for opt-geo-batch-60
generating target directory for opt-geo-batch-61
generating target directory for opt-geo-batch-62
generating target directory for opt-geo-batch-63
generating target directory for opt-geo-batch-64
generating target directory for opt-geo-batch-65
generating target directory for opt-geo-batch-66
generating target directory for opt-geo-batch-67
generating target directory for opt-geo-batch-68
generating target directory for opt-geo-batch-69
generating target directory for opt-geo-batch-70
generating target directory for opt-geo-batch-71
generating target directory for opt-geo-batch-72
generating target directory for opt-geo-batch-73
generating target directory for opt-geo-batch-74
generating target directory for opt-geo-batch-75
generating target directory for opt-geo-batch-76
generating target directory for opt-geo-batch-77
generating target directory for opt-geo-batch-78
generating target directory for opt-geo-batch-79
generating target directory for opt-geo-batch-80
generating target directory for opt-geo-batch-81
generating target directory for opt-geo-batch-82
generating target directory for opt-geo-batch-83
generating target directory for opt-geo-batch-84
generating target directory for opt-geo-batch-85
generating target directory for opt-geo-batch-86
generating target directory for opt-geo-batch-87
generating target directory for opt-geo-batch-88
generating target directory for opt-geo-batch-89
generating target directory for opt-geo-batch-90
generating target directory for opt-geo-batch-91
generating target directory for opt-geo-batch-92
generating target directory for opt-geo-batch-93
generating target directory for opt-geo-batch-94
generating target directory for opt-geo-batch-95
generating target directory for opt-geo-batch-96
generating target directory for opt-geo-batch-97
generating target directory for opt-geo-batch-98
generating target directory for opt-geo-batch-99
generating target directory for opt-geo-batch-100
generating target directory for opt-geo-batch-101
generating target directory for opt-geo-batch-102
generating target directory for opt-geo-batch-103
generating target directory for opt-geo-batch-104
generating target directory for opt-geo-batch-105
generating target directory for opt-geo-batch-106
generating target directory for opt-geo-batch-107
generating target directory for opt-geo-batch-108
generating target directory for opt-geo-batch-109
generating target directory for opt-geo-batch-110
generating target directory for opt-geo-batch-111
generating target directory for opt-geo-batch-112
generating target directory for opt-geo-batch-113
generating target directory for opt-geo-batch-114
generating target directory for opt-geo-batch-115
generating target directory for opt-geo-batch-116
generating target directory for opt-geo-batch-117
generating target directory for opt-geo-batch-118
generating target directory for opt-geo-batch-119
generating target directory for opt-geo-batch-120
generating target directory for opt-geo-batch-121
generating target directory for opt-geo-batch-122
generating target directory for opt-geo-batch-123
generating target directory for opt-geo-batch-124
generating target directory for opt-geo-batch-125
generating target directory for opt-geo-batch-126
generating target directory for opt-geo-batch-127
generating target directory for opt-geo-batch-128
generating target directory for opt-geo-batch-129
generating target directory for opt-geo-batch-130
generating target directory for opt-geo-batch-131
generating target directory for opt-geo-batch-132
generating target directory for opt-geo-batch-133
generating target directory for opt-geo-batch-134
generating target directory for opt-geo-batch-135
generating target directory for opt-geo-batch-136
generating target directory for opt-geo-batch-137
generating target directory for opt-geo-batch-138
generating target directory for opt-geo-batch-139
generating target directory for opt-geo-batch-140
generating target directory for opt-geo-batch-141
generating target directory for opt-geo-batch-142
generating target directory for opt-geo-batch-143
generating target directory for opt-geo-batch-144
generating target directory for opt-geo-batch-145
generating target directory for opt-geo-batch-146
generating target directory for opt-geo-batch-147
generating target directory for opt-geo-batch-148
generating target directory for opt-geo-batch-149
generating target directory for opt-geo-batch-150
generating target directory for opt-geo-batch-151
generating target directory for opt-geo-batch-152
generating target directory for opt-geo-batch-153
generating target directory for opt-geo-batch-154
generating target directory for opt-geo-batch-155
generating target directory for opt-geo-batch-156
generating target directory for opt-geo-batch-157
generating target directory for opt-geo-batch-158
generating target directory for opt-geo-batch-159
generating target directory for opt-geo-batch-160
generating target directory for opt-geo-batch-161
generating target directory for opt-geo-batch-162
generating target directory for opt-geo-batch-163
generating target directory for opt-geo-batch-164
generating target directory for opt-geo-batch-165
generating target directory for opt-geo-batch-166
generating target directory for opt-geo-batch-167
generating target directory for opt-geo-batch-168
generating target directory for opt-geo-batch-169
generating target directory for opt-geo-batch-170
generating target directory for opt-geo-batch-171
generating target directory for opt-geo-batch-172
generating target directory for opt-geo-batch-173
generating target directory for opt-geo-batch-174
generating target directory for opt-geo-batch-175
generating target directory for opt-geo-batch-176
generating target directory for opt-geo-batch-177
generating target directory for opt-geo-batch-178
generating target directory for opt-geo-batch-179
generating target directory for opt-geo-batch-180
generating target directory for opt-geo-batch-181
generating target directory for opt-geo-batch-182
generating target directory for opt-geo-batch-183
generating target directory for opt-geo-batch-184
generating target directory for opt-geo-batch-185
generating target directory for opt-geo-batch-186
generating target directory for opt-geo-batch-187
generating target directory for opt-geo-batch-188
generating target directory for opt-geo-batch-189
generating target directory for opt-geo-batch-190
generating target directory for opt-geo-batch-191
generating target directory for opt-geo-batch-192
generating target directory for opt-geo-batch-193
generating target directory for opt-geo-batch-194
generating target directory for opt-geo-batch-195
generating target directory for opt-geo-batch-196
