Residue Ace Expected charge 0.00 e Total charge 0.08 e
Residue Nme Expected charge 0.00 e Total charge -0.04 e
Residue Ala Expected charge 0.00 e Total charge 0.01 e
Residue Arg Expected charge 1.00 e Total charge 0.93 e
Residue Ash Expected charge 0.00 e Total charge -0.03 e
Residue Asn Expected charge 0.00 e Total charge -0.02 e
Residue Asp Expected charge -1.00 e Total charge -0.90 e
Residue Cyx Expected charge 0.00 e Total charge -0.02 e
Residue Cys Expected charge 0.00 e Total charge -0.02 e
Residue Glh Expected charge 0.00 e Total charge -0.01 e
Residue Gln Expected charge 0.00 e Total charge -0.01 e
Residue Glu Expected charge -1.00 e Total charge -0.93 e
Residue Gly Expected charge 0.00 e Total charge 0.01 e
Residue Hid Expected charge 0.00 e Total charge -0.01 e
Residue Hie Expected charge 0.00 e Total charge 0.01 e
Residue Hip Expected charge 1.00 e Total charge 0.90 e
Residue Ile Expected charge 0.00 e Total charge 0.01 e
Residue Leu Expected charge 0.00 e Total charge 0.01 e
Residue Lyn Expected charge 0.00 e Total charge 0.00 e
Residue Lys Expected charge 1.00 e Total charge 0.95 e
Residue Met Expected charge 0.00 e Total charge -0.00 e
Residue Phe Expected charge 0.00 e Total charge -0.01 e
Residue Pro Expected charge 0.00 e Total charge -0.00 e
Residue Ser Expected charge 0.00 e Total charge 0.01 e
Residue Thr Expected charge 0.00 e Total charge 0.01 e
Residue Trp Expected charge 0.00 e Total charge 0.00 e
Residue Tyr Expected charge 0.00 e Total charge -0.00 e
Residue Val Expected charge 0.00 e Total charge 0.01 e
Residue N0Ala Expected charge 0.00 e Total charge 0.09 e
Residue N0Arg Expected charge 1.00 e Total charge 1.01 e
Residue N0Ash Expected charge 0.00 e Total charge 0.08 e
Residue N0Asn Expected charge 0.00 e Total charge 0.06 e
Residue N0Asp Expected charge -1.00 e Total charge -0.85 e
Residue N0Cyx Expected charge 0.00 e Total charge 0.08 e
Residue N0Cys Expected charge 0.00 e Total charge 0.06 e
Residue N0Glh Expected charge 0.00 e Total charge 0.08 e
Residue N0Gln Expected charge 0.00 e Total charge 0.07 e
Residue N0Glu Expected charge -1.00 e Total charge -0.86 e
Residue N0Gly Expected charge 0.00 e Total charge 0.09 e
Residue N0Hid Expected charge 0.00 e Total charge 0.07 e
Residue N0Hie Expected charge 0.00 e Total charge 0.07 e
Residue N0Hip Expected charge 1.00 e Total charge 1.00 e
Residue N0Ile Expected charge 0.00 e Total charge 0.09 e
Residue N0Leu Expected charge 0.00 e Total charge 0.09 e
Residue N0Lyn Expected charge 0.00 e Total charge 0.09 e
Residue N0Lys Expected charge 1.00 e Total charge 1.06 e
Residue N0Met Expected charge 0.00 e Total charge 0.08 e
Residue N0Phe Expected charge 0.00 e Total charge 0.07 e
Residue N0Pro Expected charge 0.00 e Total charge 0.10 e
Residue N0Ser Expected charge 0.00 e Total charge 0.06 e
Residue N0Thr Expected charge 0.00 e Total charge 0.07 e
Residue N0Trp Expected charge 0.00 e Total charge 0.07 e
Residue N0Tyr Expected charge 0.00 e Total charge 0.07 e
Residue N0Val Expected charge 0.00 e Total charge 0.09 e
Residue NAla Expected charge 1.00 e Total charge 0.92 e
Residue NArg Expected charge 2.00 e Total charge 1.89 e
Residue NAsh Expected charge 1.00 e Total charge 0.92 e
Residue NAsn Expected charge 1.00 e Total charge 0.93 e
Residue NAsp Expected charge 0.00 e Total charge -0.00 e
Residue NCyx Expected charge 1.00 e Total charge 0.78 e
Residue NCys Expected charge 1.00 e Total charge 0.91 e
Residue NGlh Expected charge 1.00 e Total charge 0.92 e
Residue NGln Expected charge 1.00 e Total charge 0.93 e
Residue NGlu Expected charge 0.00 e Total charge -0.03 e
Residue NGly Expected charge 1.00 e Total charge 0.91 e
Residue NHid Expected charge 1.00 e Total charge 0.92 e
Residue NHie Expected charge 1.00 e Total charge 0.93 e
Residue NHip Expected charge 2.00 e Total charge 1.88 e
Residue NIle Expected charge 1.00 e Total charge 0.93 e
Residue NLeu Expected charge 1.00 e Total charge 0.93 e
Residue NLyn Expected charge 1.00 e Total charge 0.93 e
Residue NLys Expected charge 2.00 e Total charge 1.89 e
Residue NMet Expected charge 1.00 e Total charge 0.92 e
Residue NPhe Expected charge 1.00 e Total charge 0.93 e
Residue NPro Expected charge 1.00 e Total charge 0.92 e
Residue NSer Expected charge 1.00 e Total charge 0.92 e
Residue NThr Expected charge 1.00 e Total charge 0.93 e
Residue NTrp Expected charge 1.00 e Total charge 0.93 e
Residue NTyr Expected charge 1.00 e Total charge 0.93 e
Residue NVal Expected charge 1.00 e Total charge 0.93 e
Residue C0Ala Expected charge 0.00 e Total charge -0.07 e
Residue C0Arg Expected charge 1.00 e Total charge 0.88 e
Residue C0Ash Expected charge 0.00 e Total charge -0.10 e
Residue C0Asn Expected charge 0.00 e Total charge -0.09 e
Residue C0Asp Expected charge -1.00 e Total charge -1.00 e
Residue C0Cyx Expected charge 0.00 e Total charge -0.12 e
Residue C0Cys Expected charge 0.00 e Total charge -0.09 e
Residue C0Glh Expected charge 0.00 e Total charge -0.08 e
Residue C0Gln Expected charge 0.00 e Total charge -0.08 e
Residue C0Glu Expected charge -1.00 e Total charge -1.01 e
Residue C0Gly Expected charge 0.00 e Total charge -0.08 e
Residue C0Hid Expected charge 0.00 e Total charge -0.08 e
Residue C0Hie Expected charge 0.00 e Total charge -0.07 e
Residue C0Hip Expected charge 1.00 e Total charge 0.86 e
Residue C0Ile Expected charge 0.00 e Total charge -0.07 e
Residue C0Leu Expected charge 0.00 e Total charge -0.07 e
Residue C0Lyn Expected charge 0.00 e Total charge -0.07 e
Residue C0Lys Expected charge 1.00 e Total charge 0.89 e
Residue C0Met Expected charge 0.00 e Total charge -0.07 e
Residue C0Phe Expected charge 0.00 e Total charge -0.08 e
Residue C0Pro Expected charge 0.00 e Total charge -0.08 e
Residue C0Ser Expected charge 0.00 e Total charge -0.08 e
Residue C0Thr Expected charge 0.00 e Total charge -0.07 e
Residue C0Trp Expected charge 0.00 e Total charge -0.07 e
Residue C0Tyr Expected charge 0.00 e Total charge -0.08 e
Residue C0Val Expected charge 0.00 e Total charge -0.07 e
Residue CAla Expected charge -1.00 e Total charge -0.90 e
Residue CArg Expected charge 0.00 e Total charge 0.03 e
Residue CAsh Expected charge -1.00 e Total charge -0.93 e
Residue CAsn Expected charge -1.00 e Total charge -0.92 e
Residue CAsp Expected charge -2.00 e Total charge -1.83 e
Residue CCyx Expected charge -1.00 e Total charge -0.82 e
Residue CCys Expected charge -1.00 e Total charge -0.92 e
Residue CGlh Expected charge -1.00 e Total charge -0.92 e
Residue CGln Expected charge -1.00 e Total charge -0.92 e
Residue CGlu Expected charge -2.00 e Total charge -1.85 e
Residue CGly Expected charge -1.00 e Total charge -0.90 e
Residue CHid Expected charge -1.00 e Total charge -0.92 e
Residue CHie Expected charge -1.00 e Total charge -0.91 e
Residue CHip Expected charge 0.00 e Total charge 0.01 e
Residue CIle Expected charge -1.00 e Total charge -0.91 e
Residue CLeu Expected charge -1.00 e Total charge -0.90 e
Residue CLyn Expected charge -1.00 e Total charge -0.91 e
Residue CLys Expected charge 0.00 e Total charge 0.05 e
Residue CMet Expected charge -1.00 e Total charge -0.91 e
Residue CPhe Expected charge -1.00 e Total charge -0.92 e
Residue CPro Expected charge -1.00 e Total charge -0.95 e
Residue CSer Expected charge -1.00 e Total charge -0.91 e
Residue CThr Expected charge -1.00 e Total charge -0.92 e
Residue CTrp Expected charge -1.00 e Total charge -0.91 e
Residue CTyr Expected charge -1.00 e Total charge -0.92 e
Residue CVal Expected charge -1.00 e Total charge -0.90 e
