Coverage for Bonds
Fitting b88 with count 1232
Fitting b1 with count 4062
Fitting b14 with count 591
Fitting b84 with count 5399
Fitting b7 with count 2259
Fitting b6 with count 1883
Fitting b21 with count 3296
Fitting b8 with count 2741
Fitting b85 with count 4812
Fitting b4 with count 2604
Fitting b5 with count 4160
Fitting b12 with count 891
Fitting b87 with count 3443
Fitting b10 with count 2323
Fitting b2 with count 3298
Fitting b9 with count 1911
Fitting b3 with count 2325
Fitting b70 with count 705
Fitting b13 with count 1782
Fitting b41 with count 277
Fitting b11 with count 1072
Fitting b17 with count 520
Fitting b42 with count 86
Fitting b68 with count 592
Fitting b57 with count 391
Fitting b59 with count 862
Fitting b56 with count 846
Fitting b18 with count 590
Fitting b24 with count 372
Fitting b27 with count 442
Fitting b19 with count 1401
Fitting b16 with count 2202
Fitting b35 with count 673
Fitting b69 with count 356
Fitting b38 with count 159
Fitting b36 with count 183
Fitting b52 with count 687
Fitting b20 with count 510
Fitting b57a with count 81
Fitting b54 with count 12
Skipping b77 with count 2
Fitting b61 with count 6
Fitting b63 with count 7
Fitting b81 with count 5
Fitting b65 with count 86
Fitting b76 with count 20
Skipping b78 with count 3
Fitting b58 with count 28
Fitting b22 with count 348
Fitting b34 with count 83
Fitting b53 with count 15
Fitting b40 with count 5
Fitting b72 with count 264
Fitting b73 with count 23
Fitting b28 with count 71
Fitting b86 with count 38
Skipping b55 with count 1
Fitting b37 with count 43
Fitting b26 with count 7
Fitting b71 with count 41
Fitting b30 with count 41
Fitting b25 with count 126
Fitting b39 with count 6
Fitting b51 with count 414
Fitting b64 with count 83
Fitting b66 with count 49
Fitting b62 with count 79
Skipping b29 with count 3
Skipping b43 with count 3
Fitting b32 with count 57
Fitting b45 with count 66
Skipping b60 with count 3
Skipping b23 with count 2
Fitting b48 with count 5
Fitting b31 with count 13
Fitting b33 with count 9
Fitting b46 with count 48
Skipping b82 with count 1
Fitting b15 with count 72
Skipping b67 with count 2
Skipping b44 with count 1
Fitting b13a with count 23
Fitting b74 with count 234
Coverage for Angles
Fitting a5 with count 238
Fitting a1 with count 5402
Fitting a3 with count 526
Fitting a28 with count 2971
Fitting a4 with count 526
Fitting a2 with count 5320
Fitting a6 with count 523
Fitting a11 with count 4314
Fitting a22 with count 1407
Fitting a20 with count 3756
Fitting a10 with count 5817
Fitting a21 with count 2741
Fitting a13 with count 1047
Fitting a22a with count 1392
Fitting a29 with count 451
Fitting a14 with count 2256
Fitting a25 with count 82
Fitting a26 with count 83
Fitting a18 with count 1023
Fitting a19 with count 1017
Fitting a32 with count 774
Fitting a31 with count 774
Fitting a16 with count 531
Fitting a18a with count 418
Fitting a9 with count 214
Fitting a7 with count 214
Fitting a8 with count 181
Fitting a37 with count 494
Fitting a15 with count 1081
Fitting a24 with count 18
Fitting a33 with count 90
Fitting a34 with count 298
Fitting a40 with count 96
Fitting a27 with count 11
Skipping a36 with count 1
Fitting a12 with count 69
Fitting a39 with count 35
Skipping a30 with count 2
Skipping a17 with count 4
Fitting a38 with count 146
Fitting a23 with count 9
Coverage for ProperTorsions
Fitting t51 with count 35
Fitting t84 with count 22
Fitting t85 with count 15
Fitting t129 with count 8
Fitting t1 with count 126
Fitting t3 with count 114
Fitting t10 with count 21
Fitting t66 with count 14
Fitting t64 with count 74
Fitting t118 with count 26
Fitting t97 with count 12
Fitting t95 with count 42
Fitting t149 with count 31
Fitting t147 with count 16
Fitting t17 with count 144
Fitting t137 with count 7
Fitting t90 with count 11
Fitting t80 with count 21
Skipping t73 with count 4
Fitting t111 with count 18
Fitting t83a with count 16
Fitting t35 with count 31
Fitting t33 with count 10
Fitting t43 with count 18
Fitting t47 with count 32
Fitting t69 with count 13
Fitting t140 with count 13
Fitting t117 with count 21
Fitting t115 with count 19
Fitting t21 with count 13
Fitting t20 with count 54
Fitting t44 with count 20
Fitting t27 with count 66
Fitting t39 with count 19
Fitting t105 with count 21
Fitting t122 with count 13
Fitting t121 with count 17
Skipping t101 with count 2
Fitting t100 with count 5
Fitting t48 with count 13
Fitting t116 with count 20
Fitting t50 with count 7
Fitting t58 with count 22
Fitting t146 with count 14
Fitting t18 with count 113
Fitting t23 with count 23
Fitting t67 with count 16
Fitting t40 with count 16
Fitting t19 with count 57
Fitting t119 with count 19
Fitting t120 with count 7
Fitting t110 with count 14
Fitting t107 with count 22
Fitting t4 with count 86
Fitting t2 with count 24
Fitting t148 with count 27
Fitting t145 with count 13
Fitting t151 with count 20
Fitting t152 with count 25
Fitting t42 with count 22
Fitting t41 with count 15
Fitting t75 with count 39
Fitting t76 with count 11
Fitting t74 with count 9
Fitting t9 with count 37
Fitting t29 with count 18
Fitting t24 with count 30
Fitting t144 with count 14
Fitting t77 with count 17
Fitting t78 with count 15
Fitting t79 with count 8
Fitting t104 with count 12
Fitting t103 with count 7
Fitting t106 with count 17
Fitting t94 with count 13
Fitting t93 with count 17
Skipping t128 with count 4
Fitting t92 with count 11
Fitting t91 with count 8
Fitting t124 with count 7
Fitting t142 with count 7
Fitting t143 with count 20
Fitting t14 with count 14
Fitting t13 with count 19
Fitting t31 with count 11
Fitting t6 with count 10
Fitting t8 with count 6
Fitting t162 with count 10
Fitting t161 with count 11
Fitting t163 with count 8
Fitting t26 with count 14
Fitting t38 with count 12
Fitting t34 with count 11
Fitting t28 with count 13
Fitting t83 with count 12
Fitting t135 with count 7
Fitting t7 with count 6
Fitting t11 with count 14
Fitting t160 with count 8
Fitting t159 with count 10
Skipping t15 with count 3
Fitting t16 with count 7
Fitting t153 with count 6
Fitting t22 with count 14
Fitting t136 with count 10
Fitting t32 with count 11
Fitting t36 with count 10
Fitting t70 with count 8
Skipping t164 with count 1
Skipping t49 with count 4
Fitting t87 with count 8
Fitting t98 with count 7
Fitting t102 with count 5
Fitting t131 with count 7
Fitting t132 with count 12
Skipping t19a with count 3
Fitting t25 with count 11
Skipping t12 with count 4
Fitting t61 with count 9
Fitting t62 with count 9
Fitting t60 with count 10
Fitting t59 with count 10
Fitting t108 with count 14
Fitting t109 with count 11
Fitting Protein-phi-sidechain with count 23
Fitting Protein-phi-general with count 28
Fitting t96 with count 20
Fitting t127 with count 9
Fitting t138 with count 8
Fitting Protein-chi1-aliphatic with count 9
Fitting t5 with count 8
Skipping t30 with count 3
Fitting t37 with count 7
Fitting t52 with count 7
Fitting t53 with count 6
Fitting t55 with count 9
Fitting t56 with count 7
Fitting t57 with count 5
Fitting t65 with count 6
Fitting t72 with count 8
Fitting t71 with count 11
Fitting t68 with count 7
Skipping t81 with count 1
Fitting t82 with count 14
Fitting t82a with count 6
Skipping t86 with count 3
Fitting t139 with count 6
Skipping t150 with count 4
Fitting t156 with count 6
Fitting t157 with count 7
Skipping t46 with count 2
Fitting t45 with count 8
Fitting t99 with count 6
Fitting t154 with count 7
Skipping t112 with count 1
Fitting t125 with count 7
Fitting t54 with count 7
Fitting t113 with count 5
Skipping t114 with count 4
Skipping t158 with count 4
Fitting t63 with count 8
Fitting t42a with count 5
Fitting t31a with count 5
Fitting t155 with count 5
Fitting t123a with count 5
Fitting t130 with count 5
Fitting t133 with count 5
Fitting t134 with count 5
Skipping t48a with count 1
Fitting Protein-psi-sidechain with count 22
Fitting Protein-psi-general with count 26
Fitting Protein-psi-beta-branched with count 3
Fitting Protein-phi-beta-branched with count 3
Fitting Protein-chi2-gamma-carboxyl with count 2
Fitting Protein-chi1-gamma-carbonyl with count 4
Fitting Protein-chi2-gamma-amide with count 2
Fitting Protein-chi2-gamma-carboxylate with count 2
Fitting Protein-chi1-gamma-carboxylate with count 2
Fitting Protein-chi1-gamma-thiol with count 2
Fitting Protein-chi1-gamma-disulfide with count 2
Fitting Protein-chi2-delta-carbonyl with count 4
Fitting Protein-chi2-delta-carboxylate with count 2
Fitting Protein-chi2-gamma-imidazolium with count 4
Fitting Protein-chi2-gamma-imidazole-delta-tautomer with count 2
Fitting Protein-chi1-gamma-imidazole with count 6
Fitting Protein-chi2-gamma-imidazole-epsilon-tautomer with count 2
Fitting Protein-chi2-beta-branched-ethyl with count 2
Fitting Protein-chi1-beta-branched-methyl with count 6
Fitting Protein-chi1-beta-branched-methylene with count 2
Fitting Protein-chi1-gamma-branched with count 2
Fitting Protein-chi2-gamma-branched-methyl with count 2
Fitting Protein-chi2-delta-thioether with count 2
Fitting Protein-chi2-gamma-aromatic with count 4
Fitting Protein-chi1-gamma-aromatic with count 4
Fitting Protein-chi1-gamma-hydroxyl with count 2
Fitting Protein-chi1-beta-branched-hydroxyl with count 2
Fitting Protein-chi1-gamma-indole with count 2
Fitting Protein-chi2-gamma-indole with count 2
Skipping t126 with count 1
Fitting Protein-phi-ring with count 1
